app/build/intermediates/manifest_merge_blame_file/debug/manifest-merger-blame-debug-report.txt
1<?xml version="1.0" encoding="utf-8"?>
2<manifest xmlns:android="http://schemas.android.com/apk/res/android"
3    package="com.arya.ray"
4    android:versionCode="1"
5    android:versionName="1.0" >
6
7    <uses-sdk
8        android:minSdkVersion="29"
8-->src\main\AndroidManifest.xml
9        android:targetSdkVersion="30" />
9-->src\main\AndroidManifest.xml
10
11    <!-- XXX ACCESS_NETWORK_STATE is required by WebRTC. -->
12    <uses-permission android:name="android.permission.ACCESS_NETWORK_STATE" />
12-->[org.jitsi.react:jitsi-meet-sdk:2.11.0] AndroidManifest.xml:9:5-79
12-->[org.jitsi.react:jitsi-meet-sdk:2.11.0] AndroidManifest.xml:9:22-76
13    <uses-permission android:name="android.permission.BLUETOOTH" />
13-->[org.jitsi.react:jitsi-meet-sdk:2.11.0] AndroidManifest.xml:10:5-68
13-->[org.jitsi.react:jitsi-meet-sdk:2.11.0] AndroidManifest.xml:10:22-65
14    <uses-permission android:name="android.permission.CAMERA" />
14-->[org.jitsi.react:jitsi-meet-sdk:2.11.0] AndroidManifest.xml:11:5-65
14-->[org.jitsi.react:jitsi-meet-sdk:2.11.0] AndroidManifest.xml:11:22-62
15    <uses-permission android:name="android.permission.INTERNET" />
15-->[org.jitsi.react:jitsi-meet-sdk:2.11.0] AndroidManifest.xml:12:5-67
15-->[org.jitsi.react:jitsi-meet-sdk:2.11.0] AndroidManifest.xml:12:22-64
16    <uses-permission android:name="android.permission.MANAGE_OWN_CALLS" />
16-->[org.jitsi.react:jitsi-meet-sdk:2.11.0] AndroidManifest.xml:13:5-75
16-->[org.jitsi.react:jitsi-meet-sdk:2.11.0] AndroidManifest.xml:13:22-72
17    <uses-permission android:name="android.permission.MODIFY_AUDIO_SETTINGS" />
17-->[org.jitsi.react:jitsi-meet-sdk:2.11.0] AndroidManifest.xml:14:5-80
17-->[org.jitsi.react:jitsi-meet-sdk:2.11.0] AndroidManifest.xml:14:22-77
18    <uses-permission android:name="android.permission.RECORD_AUDIO" />
18-->[org.jitsi.react:jitsi-meet-sdk:2.11.0] AndroidManifest.xml:15:5-71
18-->[org.jitsi.react:jitsi-meet-sdk:2.11.0] AndroidManifest.xml:15:22-68
19    <uses-permission android:name="android.permission.SYSTEM_ALERT_WINDOW" />
19-->[org.jitsi.react:jitsi-meet-sdk:2.11.0] AndroidManifest.xml:16:5-78
19-->[org.jitsi.react:jitsi-meet-sdk:2.11.0] AndroidManifest.xml:16:22-75
20    <uses-permission android:name="android.permission.WAKE_LOCK" />
20-->[org.jitsi.react:jitsi-meet-sdk:2.11.0] AndroidManifest.xml:17:5-68
20-->[org.jitsi.react:jitsi-meet-sdk:2.11.0] AndroidManifest.xml:17:22-65
21    <uses-permission android:name="android.permission.ACCESS_WIFI_STATE" />
21-->[org.jitsi.react:jitsi-meet-sdk:2.11.0] AndroidManifest.xml:18:5-76
21-->[org.jitsi.react:jitsi-meet-sdk:2.11.0] AndroidManifest.xml:18:22-73
22    <uses-permission android:name="android.permission.FOREGROUND_SERVICE" />
22-->[org.jitsi.react:jitsi-meet-sdk:2.11.0] AndroidManifest.xml:19:5-77
22-->[org.jitsi.react:jitsi-meet-sdk:2.11.0] AndroidManifest.xml:19:22-74
23
24    <uses-feature
24-->[org.jitsi.react:jitsi-meet-sdk:2.11.0] AndroidManifest.xml:21:5-23:35
25        android:glEsVersion="0x00020000"
25-->[org.jitsi.react:jitsi-meet-sdk:2.11.0] AndroidManifest.xml:22:9-41
26        android:required="true" />
26-->[org.jitsi.react:jitsi-meet-sdk:2.11.0] AndroidManifest.xml:23:9-32
27    <uses-feature
27-->[org.jitsi.react:jitsi-meet-sdk:2.11.0] AndroidManifest.xml:24:5-26:36
28        android:name="android.hardware.camera"
28-->[org.jitsi.react:jitsi-meet-sdk:2.11.0] AndroidManifest.xml:25:9-47
29        android:required="false" />
29-->[org.jitsi.react:jitsi-meet-sdk:2.11.0] AndroidManifest.xml:26:9-33
30    <uses-feature
30-->[org.jitsi.react:jitsi-meet-sdk:2.11.0] AndroidManifest.xml:27:5-29:36
31        android:name="android.hardware.camera.autofocus"
31-->[org.jitsi.react:jitsi-meet-sdk:2.11.0] AndroidManifest.xml:28:9-57
32        android:required="false" />
32-->[org.jitsi.react:jitsi-meet-sdk:2.11.0] AndroidManifest.xml:29:9-33
33
34    <uses-permission android:name="android.permission.WRITE_CALENDAR" />
34-->[com.facebook.react:react-native-calendar-events:2.0.0-jitsi-5932602] AndroidManifest.xml:11:5-73
34-->[com.facebook.react:react-native-calendar-events:2.0.0-jitsi-5932602] AndroidManifest.xml:11:22-70
35    <uses-permission android:name="android.permission.READ_CALENDAR" />
35-->[com.facebook.react:react-native-calendar-events:2.0.0-jitsi-5932602] AndroidManifest.xml:12:5-72
35-->[com.facebook.react:react-native-calendar-events:2.0.0-jitsi-5932602] AndroidManifest.xml:12:22-69
36    <uses-permission android:name="com.google.android.finsky.permission.BIND_GET_INSTALL_REFERRER_SERVICE" />
36-->[com.google.android.gms:play-services-measurement:19.0.0] AndroidManifest.xml:26:5-110
36-->[com.google.android.gms:play-services-measurement:19.0.0] AndroidManifest.xml:26:22-107
37
38    <application
38-->src\main\AndroidManifest.xml:5:5-28:19
39        android:allowBackup="true"
39-->src\main\AndroidManifest.xml:6:9-35
40        android:appComponentFactory="androidx.core.app.CoreComponentFactory"
40-->[androidx.core:core:1.3.1] AndroidManifest.xml:24:18-86
41        android:debuggable="true"
42        android:extractNativeLibs="false"
43        android:icon="@mipmap/ic_launcher"
43-->src\main\AndroidManifest.xml:7:9-43
44        android:label="@string/app_name"
44-->src\main\AndroidManifest.xml:8:9-41
45        android:roundIcon="@mipmap/ic_launcher_round"
45-->src\main\AndroidManifest.xml:9:9-54
46        android:supportsRtl="true"
46-->src\main\AndroidManifest.xml:10:9-35
47        android:theme="@style/AppTheme" >
47-->src\main\AndroidManifest.xml:11:9-40
48        <activity android:name="com.arya.ray.DashboardActivity" />
48-->src\main\AndroidManifest.xml:12:9-64
48-->src\main\AndroidManifest.xml:12:19-52
49        <activity
49-->src\main\AndroidManifest.xml:13:9-15:43
50            android:name="com.arya.ray.signupActivity"
50-->src\main\AndroidManifest.xml:14:13-43
51            android:label="New Account" />
51-->src\main\AndroidManifest.xml:15:13-40
52        <activity
52-->src\main\AndroidManifest.xml:16:9-18:37
53            android:name="com.arya.ray.LoginActivity"
53-->src\main\AndroidManifest.xml:17:13-42
54            android:label="Login" />
54-->src\main\AndroidManifest.xml:18:13-34
55        <activity
55-->src\main\AndroidManifest.xml:19:9-27:20
56            android:name="com.arya.ray.MainActivity"
56-->src\main\AndroidManifest.xml:20:13-41
57            android:theme="@style/AppTheme.NoActionBar" >
57-->src\main\AndroidManifest.xml:21:13-56
58            <intent-filter>
58-->src\main\AndroidManifest.xml:22:13-26:29
59                <action android:name="android.intent.action.MAIN" />
59-->src\main\AndroidManifest.xml:23:17-69
59-->src\main\AndroidManifest.xml:23:25-66
60
61                <category android:name="android.intent.category.LAUNCHER" />
61-->src\main\AndroidManifest.xml:25:17-77
61-->src\main\AndroidManifest.xml:25:27-74
62            </intent-filter>
63        </activity>
64        <activity
64-->[org.jitsi.react:jitsi-meet-sdk:2.11.0] AndroidManifest.xml:35:9-41:58
65            android:name="org.jitsi.meet.sdk.JitsiMeetActivity"
65-->[org.jitsi.react:jitsi-meet-sdk:2.11.0] AndroidManifest.xml:36:13-64
66            android:configChanges="keyboard|keyboardHidden|orientation|screenLayout|screenSize|smallestScreenSize"
66-->[org.jitsi.react:jitsi-meet-sdk:2.11.0] AndroidManifest.xml:37:13-115
67            android:launchMode="singleTask"
67-->[org.jitsi.react:jitsi-meet-sdk:2.11.0] AndroidManifest.xml:38:13-44
68            android:resizeableActivity="true"
68-->[org.jitsi.react:jitsi-meet-sdk:2.11.0] AndroidManifest.xml:39:13-46
69            android:supportsPictureInPicture="true"
69-->[org.jitsi.react:jitsi-meet-sdk:2.11.0] AndroidManifest.xml:40:13-52
70            android:windowSoftInputMode="adjustResize" />
70-->[org.jitsi.react:jitsi-meet-sdk:2.11.0] AndroidManifest.xml:41:13-55
71        <activity android:name="com.facebook.react.devsupport.DevSettingsActivity" />
71-->[org.jitsi.react:jitsi-meet-sdk:2.11.0] AndroidManifest.xml:42:9-86
71-->[org.jitsi.react:jitsi-meet-sdk:2.11.0] AndroidManifest.xml:42:19-83
72
73        <service
73-->[org.jitsi.react:jitsi-meet-sdk:2.11.0] AndroidManifest.xml:44:9-50:19
74            android:name="org.jitsi.meet.sdk.ConnectionService"
74-->[org.jitsi.react:jitsi-meet-sdk:2.11.0] AndroidManifest.xml:45:13-64
75            android:permission="android.permission.BIND_TELECOM_CONNECTION_SERVICE" >
75-->[org.jitsi.react:jitsi-meet-sdk:2.11.0] AndroidManifest.xml:46:13-84
76            <intent-filter>
76-->[org.jitsi.react:jitsi-meet-sdk:2.11.0] AndroidManifest.xml:47:13-49:29
77                <action android:name="android.telecom.ConnectionService" />
77-->[org.jitsi.react:jitsi-meet-sdk:2.11.0] AndroidManifest.xml:48:17-76
77-->[org.jitsi.react:jitsi-meet-sdk:2.11.0] AndroidManifest.xml:48:25-73
78            </intent-filter>
79        </service>
80        <service
80-->[org.jitsi.react:jitsi-meet-sdk:2.11.0] AndroidManifest.xml:51:9-53:63
81            android:name="org.jitsi.meet.sdk.JitsiMeetOngoingConferenceService"
81-->[org.jitsi.react:jitsi-meet-sdk:2.11.0] AndroidManifest.xml:52:13-80
82            android:foregroundServiceType="mediaProjection" />
82-->[org.jitsi.react:jitsi-meet-sdk:2.11.0] AndroidManifest.xml:53:13-60
83
84        <provider
84-->[com.facebook.react:react-native-webview:10.9.0-jitsi-5932602] AndroidManifest.xml:12:9-20:20
85            android:name="com.reactnativecommunity.webview.RNCWebViewFileProvider"
85-->[com.facebook.react:react-native-webview:10.9.0-jitsi-5932602] AndroidManifest.xml:13:13-83
86            android:authorities="com.arya.ray.fileprovider"
86-->[com.facebook.react:react-native-webview:10.9.0-jitsi-5932602] AndroidManifest.xml:14:13-64
87            android:exported="false"
87-->[com.facebook.react:react-native-webview:10.9.0-jitsi-5932602] AndroidManifest.xml:15:13-37
88            android:grantUriPermissions="true" >
88-->[com.facebook.react:react-native-webview:10.9.0-jitsi-5932602] AndroidManifest.xml:16:13-47
89            <meta-data
89-->[com.facebook.react:react-native-webview:10.9.0-jitsi-5932602] AndroidManifest.xml:17:13-19:63
90                android:name="android.support.FILE_PROVIDER_PATHS"
90-->[com.facebook.react:react-native-webview:10.9.0-jitsi-5932602] AndroidManifest.xml:18:17-67
91                android:resource="@xml/file_provider_paths" />
91-->[com.facebook.react:react-native-webview:10.9.0-jitsi-5932602] AndroidManifest.xml:19:17-60
92        </provider>
93
94        <activity
94-->[com.google.firebase:firebase-auth:21.0.1] AndroidManifest.xml:27:9-44:20
95            android:name="com.google.firebase.auth.internal.GenericIdpActivity"
95-->[com.google.firebase:firebase-auth:21.0.1] AndroidManifest.xml:28:13-80
96            android:excludeFromRecents="true"
96-->[com.google.firebase:firebase-auth:21.0.1] AndroidManifest.xml:29:13-46
97            android:exported="true"
97-->[com.google.firebase:firebase-auth:21.0.1] AndroidManifest.xml:30:13-36
98            android:launchMode="singleTask"
98-->[com.google.firebase:firebase-auth:21.0.1] AndroidManifest.xml:31:13-44
99            android:theme="@android:style/Theme.Translucent.NoTitleBar" >
99-->[com.google.firebase:firebase-auth:21.0.1] AndroidManifest.xml:32:13-72
100            <intent-filter>
100-->[com.google.firebase:firebase-auth:21.0.1] AndroidManifest.xml:33:13-43:29
101                <action android:name="android.intent.action.VIEW" />
101-->[com.google.firebase:firebase-auth:21.0.1] AndroidManifest.xml:34:17-69
101-->[com.google.firebase:firebase-auth:21.0.1] AndroidManifest.xml:34:25-66
102
103                <category android:name="android.intent.category.DEFAULT" />
103-->[com.google.firebase:firebase-auth:21.0.1] AndroidManifest.xml:36:17-76
103-->[com.google.firebase:firebase-auth:21.0.1] AndroidManifest.xml:36:27-73
104                <category android:name="android.intent.category.BROWSABLE" />
104-->[com.google.firebase:firebase-auth:21.0.1] AndroidManifest.xml:37:17-78
104-->[com.google.firebase:firebase-auth:21.0.1] AndroidManifest.xml:37:27-75
105
106                <data
106-->[com.google.firebase:firebase-auth:21.0.1] AndroidManifest.xml:39:17-42:51
107                    android:host="firebase.auth"
107-->[com.google.firebase:firebase-auth:21.0.1] AndroidManifest.xml:40:21-49
108                    android:path="/"
108-->[com.google.firebase:firebase-auth:21.0.1] AndroidManifest.xml:41:21-37
109                    android:scheme="genericidp" />
109-->[com.google.firebase:firebase-auth:21.0.1] AndroidManifest.xml:42:21-48
110            </intent-filter>
111        </activity>
112        <activity
112-->[com.google.firebase:firebase-auth:21.0.1] AndroidManifest.xml:45:9-62:20
113            android:name="com.google.firebase.auth.internal.RecaptchaActivity"
113-->[com.google.firebase:firebase-auth:21.0.1] AndroidManifest.xml:46:13-79
114            android:excludeFromRecents="true"
114-->[com.google.firebase:firebase-auth:21.0.1] AndroidManifest.xml:47:13-46
115            android:exported="true"
115-->[com.google.firebase:firebase-auth:21.0.1] AndroidManifest.xml:48:13-36
116            android:launchMode="singleTask"
116-->[com.google.firebase:firebase-auth:21.0.1] AndroidManifest.xml:49:13-44
117            android:theme="@android:style/Theme.Translucent.NoTitleBar" >
117-->[com.google.firebase:firebase-auth:21.0.1] AndroidManifest.xml:50:13-72
118            <intent-filter>
118-->[com.google.firebase:firebase-auth:21.0.1] AndroidManifest.xml:51:13-61:29
119                <action android:name="android.intent.action.VIEW" />
119-->[com.google.firebase:firebase-auth:21.0.1] AndroidManifest.xml:34:17-69
119-->[com.google.firebase:firebase-auth:21.0.1] AndroidManifest.xml:34:25-66
120
121                <category android:name="android.intent.category.DEFAULT" />
121-->[com.google.firebase:firebase-auth:21.0.1] AndroidManifest.xml:36:17-76
121-->[com.google.firebase:firebase-auth:21.0.1] AndroidManifest.xml:36:27-73
122                <category android:name="android.intent.category.BROWSABLE" />
122-->[com.google.firebase:firebase-auth:21.0.1] AndroidManifest.xml:37:17-78
122-->[com.google.firebase:firebase-auth:21.0.1] AndroidManifest.xml:37:27-75
123
124                <data
124-->[com.google.firebase:firebase-auth:21.0.1] AndroidManifest.xml:39:17-42:51
125                    android:host="firebase.auth"
125-->[com.google.firebase:firebase-auth:21.0.1] AndroidManifest.xml:40:21-49
126                    android:path="/"
126-->[com.google.firebase:firebase-auth:21.0.1] AndroidManifest.xml:41:21-37
127                    android:scheme="recaptcha" />
127-->[com.google.firebase:firebase-auth:21.0.1] AndroidManifest.xml:42:21-48
128            </intent-filter>
129        </activity>
130
131        <service
131-->[com.google.firebase:firebase-auth:21.0.1] AndroidManifest.xml:64:9-73:19
132            android:name="com.google.firebase.auth.api.fallback.service.FirebaseAuthFallbackService"
132-->[com.google.firebase:firebase-auth:21.0.1] AndroidManifest.xml:65:13-101
133            android:enabled="true"
133-->[com.google.firebase:firebase-auth:21.0.1] AndroidManifest.xml:66:13-35
134            android:exported="false" >
134-->[com.google.firebase:firebase-auth:21.0.1] AndroidManifest.xml:67:13-37
135            <intent-filter>
135-->[com.google.firebase:firebase-auth:21.0.1] AndroidManifest.xml:68:13-72:29
136                <action android:name="com.google.firebase.auth.api.gms.service.START" />
136-->[com.google.firebase:firebase-auth:21.0.1] AndroidManifest.xml:69:17-89
136-->[com.google.firebase:firebase-auth:21.0.1] AndroidManifest.xml:69:25-86
137
138                <category android:name="android.intent.category.DEFAULT" />
138-->[com.google.firebase:firebase-auth:21.0.1] AndroidManifest.xml:36:17-76
138-->[com.google.firebase:firebase-auth:21.0.1] AndroidManifest.xml:36:27-73
139            </intent-filter>
140        </service>
141        <service
141-->[com.google.firebase:firebase-auth:21.0.1] AndroidManifest.xml:74:9-80:19
142            android:name="com.google.firebase.components.ComponentDiscoveryService"
142-->[com.google.firebase:firebase-auth:21.0.1] AndroidManifest.xml:75:13-84
143            android:directBootAware="true"
143-->[com.google.firebase:firebase-common:20.0.0] AndroidManifest.xml:35:13-43
144            android:exported="false" >
144-->[com.google.firebase:firebase-auth:21.0.1] AndroidManifest.xml:76:13-37
145            <meta-data
145-->[com.google.firebase:firebase-auth:21.0.1] AndroidManifest.xml:77:13-79:85
146                android:name="com.google.firebase.components:com.google.firebase.auth.FirebaseAuthRegistrar"
146-->[com.google.firebase:firebase-auth:21.0.1] AndroidManifest.xml:78:17-109
147                android:value="com.google.firebase.components.ComponentRegistrar" />
147-->[com.google.firebase:firebase-auth:21.0.1] AndroidManifest.xml:79:17-82
148            <meta-data
148-->[com.google.firebase:firebase-firestore:23.0.1] AndroidManifest.xml:20:13-22:85
149                android:name="com.google.firebase.components:com.google.firebase.firestore.FirestoreRegistrar"
149-->[com.google.firebase:firebase-firestore:23.0.1] AndroidManifest.xml:21:17-111
150                android:value="com.google.firebase.components.ComponentRegistrar" />
150-->[com.google.firebase:firebase-firestore:23.0.1] AndroidManifest.xml:22:17-82
151            <meta-data
151-->[com.google.android.gms:play-services-measurement-api:19.0.0] AndroidManifest.xml:30:13-32:85
152                android:name="com.google.firebase.components:com.google.firebase.analytics.connector.internal.AnalyticsConnectorRegistrar"
152-->[com.google.android.gms:play-services-measurement-api:19.0.0] AndroidManifest.xml:31:17-139
153                android:value="com.google.firebase.components.ComponentRegistrar" />
153-->[com.google.android.gms:play-services-measurement-api:19.0.0] AndroidManifest.xml:32:17-82
154            <meta-data
154-->[com.google.firebase:firebase-installations:17.0.0] AndroidManifest.xml:18:13-20:85
155                android:name="com.google.firebase.components:com.google.firebase.installations.FirebaseInstallationsRegistrar"
155-->[com.google.firebase:firebase-installations:17.0.0] AndroidManifest.xml:19:17-127
156                android:value="com.google.firebase.components.ComponentRegistrar" />
156-->[com.google.firebase:firebase-installations:17.0.0] AndroidManifest.xml:20:17-82
157        </service>
158
159        <provider
159-->[com.google.firebase:firebase-common:20.0.0] AndroidManifest.xml:26:9-31:39
160            android:name="com.google.firebase.provider.FirebaseInitProvider"
160-->[com.google.firebase:firebase-common:20.0.0] AndroidManifest.xml:27:13-77
161            android:authorities="com.arya.ray.firebaseinitprovider"
161-->[com.google.firebase:firebase-common:20.0.0] AndroidManifest.xml:28:13-72
162            android:directBootAware="true"
162-->[com.google.firebase:firebase-common:20.0.0] AndroidManifest.xml:29:13-43
163            android:exported="false"
163-->[com.google.firebase:firebase-common:20.0.0] AndroidManifest.xml:30:13-37
164            android:initOrder="100" />
164-->[com.google.firebase:firebase-common:20.0.0] AndroidManifest.xml:31:13-36
165
166        <receiver
166-->[com.google.android.gms:play-services-measurement:19.0.0] AndroidManifest.xml:29:9-33:20
167            android:name="com.google.android.gms.measurement.AppMeasurementReceiver"
167-->[com.google.android.gms:play-services-measurement:19.0.0] AndroidManifest.xml:30:13-85
168            android:enabled="true"
168-->[com.google.android.gms:play-services-measurement:19.0.0] AndroidManifest.xml:31:13-35
169            android:exported="false" >
169-->[com.google.android.gms:play-services-measurement:19.0.0] AndroidManifest.xml:32:13-37
170        </receiver>
171
172        <service
172-->[com.google.android.gms:play-services-measurement:19.0.0] AndroidManifest.xml:35:9-38:40
173            android:name="com.google.android.gms.measurement.AppMeasurementService"
173-->[com.google.android.gms:play-services-measurement:19.0.0] AndroidManifest.xml:36:13-84
174            android:enabled="true"
174-->[com.google.android.gms:play-services-measurement:19.0.0] AndroidManifest.xml:37:13-35
175            android:exported="false" />
175-->[com.google.android.gms:play-services-measurement:19.0.0] AndroidManifest.xml:38:13-37
176        <service
176-->[com.google.android.gms:play-services-measurement:19.0.0] AndroidManifest.xml:39:9-43:72
177            android:name="com.google.android.gms.measurement.AppMeasurementJobService"
177-->[com.google.android.gms:play-services-measurement:19.0.0] AndroidManifest.xml:40:13-87
178            android:enabled="true"
178-->[com.google.android.gms:play-services-measurement:19.0.0] AndroidManifest.xml:41:13-35
179            android:exported="false"
179-->[com.google.android.gms:play-services-measurement:19.0.0] AndroidManifest.xml:42:13-37
180            android:permission="android.permission.BIND_JOB_SERVICE" />
180-->[com.google.android.gms:play-services-measurement:19.0.0] AndroidManifest.xml:43:13-69
181
182        <activity
182-->[com.google.android.gms:play-services-auth:17.0.0] AndroidManifest.xml:23:9-27:75
183            android:name="com.google.android.gms.auth.api.signin.internal.SignInHubActivity"
183-->[com.google.android.gms:play-services-auth:17.0.0] AndroidManifest.xml:24:13-93
184            android:excludeFromRecents="true"
184-->[com.google.android.gms:play-services-auth:17.0.0] AndroidManifest.xml:25:13-46
185            android:exported="false"
185-->[com.google.android.gms:play-services-auth:17.0.0] AndroidManifest.xml:26:13-37
186            android:theme="@android:style/Theme.Translucent.NoTitleBar" />
186-->[com.google.android.gms:play-services-auth:17.0.0] AndroidManifest.xml:27:13-72
187        <!--
188            Service handling Google Sign-In user revocation. For apps that do not integrate with
189            Google Sign-In, this service will never be started.
190        -->
191        <service
191-->[com.google.android.gms:play-services-auth:17.0.0] AndroidManifest.xml:33:9-36:110
192            android:name="com.google.android.gms.auth.api.signin.RevocationBoundService"
192-->[com.google.android.gms:play-services-auth:17.0.0] AndroidManifest.xml:34:13-89
193            android:exported="true"
193-->[com.google.android.gms:play-services-auth:17.0.0] AndroidManifest.xml:35:13-36
194            android:permission="com.google.android.gms.auth.api.signin.permission.REVOCATION_NOTIFICATION" />
194-->[com.google.android.gms:play-services-auth:17.0.0] AndroidManifest.xml:36:13-107
195
196        <activity
196-->[com.google.android.gms:play-services-base:17.1.0] AndroidManifest.xml:23:9-26:75
197            android:name="com.google.android.gms.common.api.GoogleApiActivity"
197-->[com.google.android.gms:play-services-base:17.1.0] AndroidManifest.xml:24:13-79
198            android:exported="false"
198-->[com.google.android.gms:play-services-base:17.1.0] AndroidManifest.xml:25:13-37
199            android:theme="@android:style/Theme.Translucent.NoTitleBar" />
199-->[com.google.android.gms:play-services-base:17.1.0] AndroidManifest.xml:26:13-72
200
201        <meta-data
201-->[com.google.android.gms:play-services-basement:17.1.0] AndroidManifest.xml:23:9-25:69
202            android:name="com.google.android.gms.version"
202-->[com.google.android.gms:play-services-basement:17.1.0] AndroidManifest.xml:24:13-58
203            android:value="@integer/google_play_services_version" />
203-->[com.google.android.gms:play-services-basement:17.1.0] AndroidManifest.xml:25:13-66
204    </application>
205
206</manifest>